DEBUG - 2025-11-24 06:38:36 --> Session: Class initialized using 'CodeIgniter\Session\Handlers\FileHandler' driver.
DEBUG - 2025-11-24 06:38:52 --> Session: Class initialized using 'CodeIgniter\Session\Handlers\FileHandler' driver.
DEBUG - 2025-11-24 06:38:52 --> Session: Class initialized using 'CodeIgniter\Session\Handlers\FileHandler' driver.
DEBUG - 2025-11-24 06:39:19 --> Session: Class initialized using 'CodeIgniter\Session\Handlers\FileHandler' driver.
DEBUG - 2025-11-24 06:39:23 --> Session: Class initialized using 'CodeIgniter\Session\Handlers\FileHandler' driver.
CRITICAL - 2025-11-24 06:39:23 --> CodeIgniter\View\Exceptions\ViewException: Invalid file: "home/watch.php"
[Method: GET, Route: film/12]
in SYSTEMPATH\Exceptions\FrameworkException.php on line 39.
 1 SYSTEMPATH\View\View.php(214): CodeIgniter\Exceptions\FrameworkException::forInvalidFile('home/watch.php')
 2 SYSTEMPATH\Common.php(1167): CodeIgniter\View\View->render('home/watch', [], true)
 3 APPPATH\Controllers\Home.php(71): view('home/watch', [...])
 4 SYSTEMPATH\CodeIgniter.php(933): App\Controllers\Home->watchFilm('12')
 5 SYSTEMPATH\CodeIgniter.php(507): CodeIgniter\CodeIgniter->runController(Object(App\Controllers\Home))
 6 SYSTEMPATH\CodeIgniter.php(354): CodeIgniter\CodeIgniter->handleRequest(null, Object(Config\Cache), false)
 7 SYSTEMPATH\Boot.php(363): CodeIgniter\CodeIgniter->run()
 8 SYSTEMPATH\Boot.php(68): CodeIgniter\Boot::runCodeIgniter(Object(CodeIgniter\CodeIgniter))
 9 FCPATH\index.php(59): CodeIgniter\Boot::bootWeb(Object(Config\Paths))
10 SYSTEMPATH\rewrite.php(44): require_once('C:\\xampp\\htdocs\\test\\public\\index.php')
DEBUG - 2025-11-24 06:39:40 --> Session: Class initialized using 'CodeIgniter\Session\Handlers\FileHandler' driver.
DEBUG - 2025-11-24 06:39:41 --> Session: Class initialized using 'CodeIgniter\Session\Handlers\FileHandler' driver.
DEBUG - 2025-11-24 06:39:47 --> Session: Class initialized using 'CodeIgniter\Session\Handlers\FileHandler' driver.
DEBUG - 2025-11-24 06:39:47 --> Session: Class initialized using 'CodeIgniter\Session\Handlers\FileHandler' driver.
DEBUG - 2025-11-24 06:43:18 --> Session: Class initialized using 'CodeIgniter\Session\Handlers\FileHandler' driver.
DEBUG - 2025-11-24 06:43:26 --> Session: Class initialized using 'CodeIgniter\Session\Handlers\FileHandler' driver.
DEBUG - 2025-11-24 06:44:19 --> Session: Class initialized using 'CodeIgniter\Session\Handlers\FileHandler' driver.
DEBUG - 2025-11-24 06:44:19 --> Session: Class initialized using 'CodeIgniter\Session\Handlers\FileHandler' driver.
DEBUG - 2025-11-24 06:44:24 --> Session: Class initialized using 'CodeIgniter\Session\Handlers\FileHandler' driver.
DEBUG - 2025-11-24 06:44:24 --> Session: Class initialized using 'CodeIgniter\Session\Handlers\FileHandler' driver.
DEBUG - 2025-11-24 06:44:27 --> Session: Class initialized using 'CodeIgniter\Session\Handlers\FileHandler' driver.
CRITICAL - 2025-11-24 06:44:27 --> CodeIgniter\View\Exceptions\ViewException: Invalid file: "home/watch.php"
[Method: GET, Route: film/12]
in SYSTEMPATH\Exceptions\FrameworkException.php on line 39.
 1 SYSTEMPATH\View\View.php(214): CodeIgniter\Exceptions\FrameworkException::forInvalidFile('home/watch.php')
 2 SYSTEMPATH\Common.php(1167): CodeIgniter\View\View->render('home/watch', [], true)
 3 APPPATH\Controllers\Home.php(71): view('home/watch', [...])
 4 SYSTEMPATH\CodeIgniter.php(933): App\Controllers\Home->watchFilm('12')
 5 SYSTEMPATH\CodeIgniter.php(507): CodeIgniter\CodeIgniter->runController(Object(App\Controllers\Home))
 6 SYSTEMPATH\CodeIgniter.php(354): CodeIgniter\CodeIgniter->handleRequest(null, Object(Config\Cache), false)
 7 SYSTEMPATH\Boot.php(363): CodeIgniter\CodeIgniter->run()
 8 SYSTEMPATH\Boot.php(68): CodeIgniter\Boot::runCodeIgniter(Object(CodeIgniter\CodeIgniter))
 9 FCPATH\index.php(59): CodeIgniter\Boot::bootWeb(Object(Config\Paths))
10 SYSTEMPATH\rewrite.php(44): require_once('C:\\xampp\\htdocs\\test\\public\\index.php')
ERROR - 2025-11-24 07:17:42 --> mysqli_sql_exception: Table 'films' already exists in C:\xampp\htdocs\test\system\Database\MySQLi\Connection.php:327
Stack trace:
#0 C:\xampp\htdocs\test\system\Database\MySQLi\Connection.php(327): mysqli->query('CREATE TABLE `f...', 0)
#1 C:\xampp\htdocs\test\system\Database\BaseConnection.php(729): CodeIgniter\Database\MySQLi\Connection->execute('CREATE TABLE `f...')
#2 C:\xampp\htdocs\test\system\Database\BaseConnection.php(646): CodeIgniter\Database\BaseConnection->simpleQuery('CREATE TABLE `f...')
#3 C:\xampp\htdocs\test\system\Database\Forge.php(570): CodeIgniter\Database\BaseConnection->query('CREATE TABLE `f...')
#4 C:\xampp\htdocs\test\app\Database\Migrations\2025-11-24-071703_CreateFilmsTable.php(55): CodeIgniter\Database\Forge->createTable('films')
#5 C:\xampp\htdocs\test\system\Database\MigrationRunner.php(876): App\Database\Migrations\CreateFilmsTable->up()
#6 C:\xampp\htdocs\test\system\Database\MigrationRunner.php(182): CodeIgniter\Database\MigrationRunner->migrate('up', Object(stdClass))
#7 C:\xampp\htdocs\test\system\Commands\Database\Migrate.php(85): CodeIgniter\Database\MigrationRunner->latest(NULL)
#8 C:\xampp\htdocs\test\system\CLI\Commands.php(74): CodeIgniter\Commands\Database\Migrate->run(Array)
#9 C:\xampp\htdocs\test\system\CLI\Console.php(47): CodeIgniter\CLI\Commands->run('migrate', Array)
#10 C:\xampp\htdocs\test\system\Boot.php(388): CodeIgniter\CLI\Console->run()
#11 C:\xampp\htdocs\test\system\Boot.php(133): CodeIgniter\Boot::runCommand(Object(CodeIgniter\CLI\Console))
#12 C:\xampp\htdocs\test\spark(87): CodeIgniter\Boot::bootSpark(Object(Config\Paths))
#13 {main}
